  colorCube.cpp
c:\users\parker\desktop\git\opengl\hw2b\debug\angel.h(65): warning C4305: 'initializing': truncation from 'double' to 'GLfloat'
c:\users\parker\desktop\git\opengl\hw2b\debug\mat.h(698): warning C4244: '=': conversion from 'double' to 'GLfloat', possible loss of data
c:\users\parker\desktop\git\opengl\hw2b\debug\mat.h(699): warning C4244: '=': conversion from 'double' to 'GLfloat', possible loss of data
c:\users\parker\desktop\git\opengl\hw2b\debug\mat.h(700): warning C4244: '=': conversion from 'double' to 'GLfloat', possible loss of data
c:\users\parker\desktop\git\opengl\hw2b\debug\mat.h(721): warning C4244: '=': conversion from 'double' to 'GLfloat', possible loss of data
c:\users\parker\desktop\git\opengl\hw2b\debug\mat.h(723): warning C4244: '=': conversion from 'double' to 'GLfloat', possible loss of data
c:\users\parker\desktop\git\opengl\hw2b\debug\mat.h(726): warning C4244: '=': conversion from 'double' to 'GLfloat', possible loss of data
c:\users\parker\desktop\git\opengl\hw2b\debug\mat.h(743): warning C4244: '=': conversion from 'double' to 'GLfloat', possible loss of data
c:\users\parker\desktop\git\opengl\hw2b\debug\colorcube.cpp(13): warning C4305: 'initializing': truncation from 'double' to 'GLfloat'
c:\users\parker\desktop\git\opengl\hw2b\debug\colorcube.cpp(129): warning C4305: 'argument': truncation from 'double' to 'const GLfloat'
c:\users\parker\desktop\git\opengl\hw2b\debug\colorcube.cpp(131): warning C4305: 'argument': truncation from 'double' to 'const GLfloat'
c:\users\parker\desktop\git\opengl\hw2b\debug\colorcube.cpp(133): warning C4305: 'argument': truncation from 'double' to 'const GLfloat'
c:\users\parker\desktop\git\opengl\hw2b\debug\colorcube.cpp(138): warning C4305: 'argument': truncation from 'double' to 'const GLfloat'
c:\users\parker\desktop\git\opengl\hw2b\debug\colorcube.cpp(140): warning C4305: 'initializing': truncation from 'double' to 'GLfloat'
c:\users\parker\desktop\git\opengl\hw2b\debug\colorcube.cpp(142): warning C4305: 'argument': truncation from 'double' to 'const GLfloat'
c:\users\parker\desktop\git\opengl\hw2b\debug\colorcube.cpp(142): warning C4244: 'argument': conversion from 'double' to 'const GLfloat', possible loss of data
c:\users\parker\desktop\git\opengl\hw2b\debug\colorcube.cpp(143): warning C4305: 'argument': truncation from 'double' to 'const GLfloat'
c:\users\parker\desktop\git\opengl\hw2b\debug\colorcube.cpp(143): warning C4244: 'argument': conversion from 'double' to 'const GLfloat', possible loss of data
c:\users\parker\desktop\git\opengl\hw2b\debug\colorcube.cpp(145): warning C4305: 'argument': truncation from 'double' to 'const GLfloat'
c:\users\parker\desktop\git\opengl\hw2b\debug\colorcube.cpp(145): warning C4244: 'argument': conversion from 'double' to 'const GLfloat', possible loss of data
c:\users\parker\desktop\git\opengl\hw2b\debug\colorcube.cpp(148): warning C4305: 'argument': truncation from 'double' to 'const GLfloat'
c:\users\parker\desktop\git\opengl\hw2b\debug\colorcube.cpp(148): warning C4244: 'argument': conversion from 'double' to 'const GLfloat', possible loss of data
c:\users\parker\desktop\git\opengl\hw2b\debug\colorcube.cpp(149): warning C4305: 'argument': truncation from 'double' to 'const GLfloat'
c:\users\parker\desktop\git\opengl\hw2b\debug\colorcube.cpp(149): warning C4244: 'argument': conversion from 'double' to 'const GLfloat', possible loss of data
c:\users\parker\desktop\git\opengl\hw2b\debug\colorcube.cpp(151): warning C4305: 'argument': truncation from 'double' to 'const GLfloat'
c:\users\parker\desktop\git\opengl\hw2b\debug\colorcube.cpp(151): warning C4244: 'argument': conversion from 'double' to 'const GLfloat', possible loss of data
c:\users\parker\desktop\git\opengl\hw2b\debug\colorcube.cpp(179): warning C4305: '*=': truncation from 'double' to 'GLfloat'
c:\users\parker\desktop\git\opengl\hw2b\debug\colorcube.cpp(182): warning C4305: '*=': truncation from 'double' to 'GLfloat'
c:\users\parker\desktop\git\opengl\hw2b\debug\colorcube.cpp(224): warning C4244: 'argument': conversion from 'time_t' to 'unsigned int', possible loss of data
  hw2.vcxproj -> C:\Users\parker\Desktop\git\openGL\hw2b\Debug\hw2.exe
  hw2.vcxproj -> C:\Users\parker\Desktop\git\openGL\hw2b\Debug\hw2.pdb (Full PDB)
