  colorCube.cpp
c:\users\parker\desktop\git\opengl\hw2\debug\angel.h(65): warning C4305: 'initializing': truncation from 'double' to 'GLfloat'
c:\users\parker\desktop\git\opengl\hw2\debug\mat.h(698): warning C4244: '=': conversion from 'double' to 'GLfloat', possible loss of data
c:\users\parker\desktop\git\opengl\hw2\debug\mat.h(699): warning C4244: '=': conversion from 'double' to 'GLfloat', possible loss of data
c:\users\parker\desktop\git\opengl\hw2\debug\mat.h(700): warning C4244: '=': conversion from 'double' to 'GLfloat', possible loss of data
c:\users\parker\desktop\git\opengl\hw2\debug\mat.h(721): warning C4244: '=': conversion from 'double' to 'GLfloat', possible loss of data
c:\users\parker\desktop\git\opengl\hw2\debug\mat.h(723): warning C4244: '=': conversion from 'double' to 'GLfloat', possible loss of data
c:\users\parker\desktop\git\opengl\hw2\debug\mat.h(726): warning C4244: '=': conversion from 'double' to 'GLfloat', possible loss of data
c:\users\parker\desktop\git\opengl\hw2\debug\mat.h(743): warning C4244: '=': conversion from 'double' to 'GLfloat', possible loss of data
c:\users\parker\desktop\git\opengl\hw2\debug\colorcube.cpp(21): warning C4244: 'initializing': conversion from 'double' to 'GLfloat', possible loss of data
c:\users\parker\desktop\git\opengl\hw2\debug\colorcube.cpp(88): warning C4244: 'initializing': conversion from 'double' to 'GLfloat', possible loss of data
c:\users\parker\desktop\git\opengl\hw2\debug\colorcube.cpp(89): warning C4244: 'initializing': conversion from 'double' to 'GLfloat', possible loss of data
c:\users\parker\desktop\git\opengl\hw2\debug\colorcube.cpp(98): warning C4244: 'initializing': conversion from 'double' to 'GLfloat', possible loss of data
c:\users\parker\desktop\git\opengl\hw2\debug\colorcube.cpp(99): warning C4244: 'initializing': conversion from 'double' to 'GLfloat', possible loss of data
c:\users\parker\desktop\git\opengl\hw2\debug\colorcube.cpp(102): warning C4244: '=': conversion from 'double' to 'GLfloat', possible loss of data
c:\users\parker\desktop\git\opengl\hw2\debug\colorcube.cpp(288): warning C4244: 'initializing': conversion from 'double' to 'GLfloat', possible loss of data
c:\users\parker\desktop\git\opengl\hw2\debug\colorcube.cpp(289): warning C4244: 'argument': conversion from 'double' to 'GLfloat', possible loss of data
c:\users\parker\desktop\git\opengl\hw2\debug\colorcube.cpp(290): warning C4244: 'argument': conversion from 'double' to 'GLfloat', possible loss of data
c:\users\parker\desktop\git\opengl\hw2\debug\colorcube.cpp(308): warning C4244: '*=': conversion from 'double' to 'GLfloat', possible loss of data
c:\users\parker\desktop\git\opengl\hw2\debug\colorcube.cpp(309): warning C4244: '*=': conversion from 'double' to 'GLfloat', possible loss of data
c:\users\parker\desktop\git\opengl\hw2\debug\colorcube.cpp(310): warning C4244: '*=': conversion from 'double' to 'GLfloat', possible loss of data
c:\users\parker\desktop\git\opengl\hw2\debug\colorcube.cpp(335): warning C4305: 'argument': truncation from 'double' to 'GLfloat'
c:\users\parker\desktop\git\opengl\hw2\debug\colorcube.cpp(413): warning C4305: 'argument': truncation from 'double' to 'GLfloat'
c:\users\parker\desktop\git\opengl\hw2\debug\colorcube.cpp(426): warning C4101: 'y': unreferenced local variable
c:\users\parker\desktop\git\opengl\hw2\debug\colorcube.cpp(426): warning C4101: 'x': unreferenced local variable
c:\users\parker\desktop\git\opengl\hw2\debug\colorcube.cpp(462): warning C4305: '*=': truncation from 'double' to 'GLfloat'
c:\users\parker\desktop\git\opengl\hw2\debug\colorcube.cpp(465): warning C4305: '*=': truncation from 'double' to 'GLfloat'
c:\users\parker\desktop\git\opengl\hw2\debug\colorcube.cpp(531): warning C4244: 'argument': conversion from 'time_t' to 'unsigned int', possible loss of data
  hw2.vcxproj -> C:\Users\parker\Desktop\git\openGL\hw2\Debug\hw2.exe
  hw2.vcxproj -> C:\Users\parker\Desktop\git\openGL\hw2\Debug\hw2.pdb (Full PDB)
